# JRE version: Java(TM) SE Runtime Environment (8.0_144-b01) (build 1.8.0_144-b01)
# Java VM: Java HotSpot(TM) 64-Bit Server VM (25.144-b01 mixed mode windows-amd64 compressed oops)
Heap:
 PSYoungGen      total 1006592K, used 654131K [0x000000076b300000, 0x00000007ae780000, 0x00000007c0000000)
  eden space 983040K, 64% used [0x000000076b300000,0x0000000791ea8230,0x00000007a7300000)
  from space 23552K, 83% used [0x00000007a8e00000,0x00000007aa124a08,0x00000007aa500000)
  to   space 27648K, 0% used [0x00000007a7300000,0x00000007a7300000,0x00000007a8e00000)
 ParOldGen       total 251392K, used 99412K [0x00000006c1800000, 0x00000006d0d80000, 0x000000076b300000)
  object space 251392K, 39% used [0x00000006c1800000,0x00000006c7915198,0x00000006d0d80000)
 Metaspace       used 70754K, capacity 72536K, committed 72792K, reserved 1112064K
  class space    used 9331K, capacity 9766K, committed 9856K, reserved 1048576K
GC Heap History (10 events):
Event: 271.204 GC heap before
{Heap before GC invocations=25 (full 6):
 PSYoungGen      total 823808K, used 16929K [0x000000076b300000, 0x00000007ac100000, 0x00000007c0000000)
  eden space 794112K, 0% used [0x000000076b300000,0x000000076b300000,0x000000079ba80000)
  from space 29696K, 57% used [0x000000079ba80000,0x000000079cb08570,0x000000079d780000)
  to   space 29184K, 0% used [0x00000007aa480000,0x00000007aa480000,0x00000007ac100000)
 ParOldGen       total 251392K, used 71394K [0x00000006c1800000, 0x00000006d0d80000, 0x000000076b300000)
  object space 251392K, 28% used [0x00000006c1800000,0x00000006c5db88d0,0x00000006d0d80000)
 Metaspace       used 66584K, capacity 68012K, committed 68184K, reserved 1107968K
  class space    used 8861K, capacity 9227K, committed 9344K, reserved 1048576K
Event: 271.513 GC heap after
Heap after GC invocations=25 (full 6):
 PSYoungGen      total 823808K, used 0K [0x000000076b300000, 0x00000007ac100000, 0x00000007c0000000)
  eden space 794112K, 0% used [0x000000076b300000,0x000000076b300000,0x000000079ba80000)
  from space 29696K, 0% used [0x000000079ba80000,0x000000079ba80000,0x000000079d780000)
  to   space 29184K, 0% used [0x00000007aa480000,0x00000007aa480000,0x00000007ac100000)
 ParOldGen       total 251392K, used 84951K [0x00000006c1800000, 0x00000006d0d80000, 0x000000076b300000)
  object space 251392K, 33% used [0x00000006c1800000,0x00000006c6af5cb0,0x00000006d0d80000)
 Metaspace       used 66573K, capacity 67994K, committed 68184K, reserved 1107968K
  class space    used 8859K, capacity 9224K, committed 9344K, reserved 1048576K
}
Event: 276.866 GC heap before
{Heap before GC invocations=26 (full 6):
 PSYoungGen      total 823808K, used 794112K [0x000000076b300000, 0x00000007ac100000, 0x00000007c0000000)
  eden space 794112K, 100% used [0x000000076b300000,0x000000079ba80000,0x000000079ba80000)
  from space 29696K, 0% used [0x000000079ba80000,0x000000079ba80000,0x000000079d780000)
  to   space 29184K, 0% used [0x00000007aa480000,0x00000007aa480000,0x00000007ac100000)
 ParOldGen       total 251392K, used 84951K [0x00000006c1800000, 0x00000006d0d80000, 0x000000076b300000)
  object space 251392K, 33% used [0x00000006c1800000,0x00000006c6af5cb0,0x00000006d0d80000)
 Metaspace       used 66930K, capacity 68470K, committed 68696K, reserved 1107968K
  class space    used 8905K, capacity 9302K, committed 9344K, reserved 1048576K
Event: 276.879 GC heap after
Heap after GC invocations=26 (full 6):
 PSYoungGen      total 933376K, used 14355K [0x000000076b300000, 0x00000007ab300000, 0x00000007c0000000)
  eden space 918528K, 0% used [0x000000076b300000,0x000000076b300000,0x00000007a3400000)
  from space 14848K, 96% used [0x00000007aa480000,0x00000007ab284f50,0x00000007ab300000)
  to   space 27648K, 0% used [0x00000007a7d00000,0x00000007a7d00000,0x00000007a9800000)
 ParOldGen       total 251392K, used 84959K [0x00000006c1800000, 0x00000006d0d80000, 0x000000076b300000)
  object space 251392K, 33% used [0x00000006c1800000,0x00000006c6af7cb0,0x00000006d0d80000)
 Metaspace       used 66930K, capacity 68470K, committed 68696K, reserved 1107968K
  class space    used 8905K, capacity 9302K, committed 9344K, reserved 1048576K
}
Event: 350.108 GC heap before
{Heap before GC invocations=27 (full 6):
 PSYoungGen      total 933376K, used 626500K [0x000000076b300000, 0x00000007ab300000, 0x00000007c0000000)
  eden space 918528K, 66% used [0x000000076b300000,0x00000007908cc470,0x00000007a3400000)
  from space 14848K, 96% used [0x00000007aa480000,0x00000007ab284f50,0x00000007ab300000)
  to   space 27648K, 0% used [0x00000007a7d00000,0x00000007a7d00000,0x00000007a9800000)
 ParOldGen       total 251392K, used 84959K [0x00000006c1800000, 0x00000006d0d80000, 0x000000076b300000)
  object space 251392K, 33% used [0x00000006c1800000,0x00000006c6af7cb0,0x00000006d0d80000)
 Metaspace       used 67222K, capacity 68898K, committed 69080K, reserved 1110016K
  class space    used 8940K, capacity 9369K, committed 9472K, reserved 1048576K
Event: 350.125 GC heap after
Heap after GC invocations=27 (full 6):
 PSYoungGen      total 935936K, used 16968K [0x000000076b300000, 0x00000007aa500000, 0x00000007c0000000)
  eden space 918528K, 0% used [0x000000076b300000,0x000000076b300000,0x00000007a3400000)
  from space 17408K, 97% used [0x00000007a7d00000,0x00000007a8d920c0,0x00000007a8e00000)
  to   space 23552K, 0% used [0x00000007a8e00000,0x00000007a8e00000,0x00000007aa500000)
 ParOldGen       total 251392K, used 84967K [0x00000006c1800000, 0x00000006d0d80000, 0x000000076b300000)
  object space 251392K, 33% used [0x00000006c1800000,0x00000006c6af9cb0,0x00000006d0d80000)
 Metaspace       used 67222K, capacity 68898K, committed 69080K, reserved 1110016K
  class space    used 8940K, capacity 9369K, committed 9472K, reserved 1048576K
}
Event: 350.125 GC heap before
{Heap before GC invocations=28 (full 7):
 PSYoungGen      total 935936K, used 16968K [0x000000076b300000, 0x00000007aa500000, 0x00000007c0000000)
  eden space 918528K, 0% used [0x000000076b300000,0x000000076b300000,0x00000007a3400000)
  from space 17408K, 97% used [0x00000007a7d00000,0x00000007a8d920c0,0x00000007a8e00000)
  to   space 23552K, 0% used [0x00000007a8e00000,0x00000007a8e00000,0x00000007aa500000)
 ParOldGen       total 251392K, used 84967K [0x00000006c1800000, 0x00000006d0d80000, 0x000000076b300000)
  object space 251392K, 33% used [0x00000006c1800000,0x00000006c6af9cb0,0x00000006d0d80000)
 Metaspace       used 67222K, capacity 68898K, committed 69080K, reserved 1110016K
  class space    used 8940K, capacity 9369K, committed 9472K, reserved 1048576K
Event: 350.494 GC heap after
Heap after GC invocations=28 (full 7):
 PSYoungGen      total 935936K, used 0K [0x000000076b300000, 0x00000007aa500000, 0x00000007c0000000)
  eden space 918528K, 0% used [0x000000076b300000,0x000000076b300000,0x00000007a3400000)
  from space 17408K, 0% used [0x00000007a7d00000,0x00000007a7d00000,0x00000007a8e00000)
  to   space 23552K, 0% used [0x00000007a8e00000,0x00000007a8e00000,0x00000007aa500000)
 ParOldGen       total 251392K, used 99404K [0x00000006c1800000, 0x00000006d0d80000, 0x000000076b300000)
  object space 251392K, 39% used [0x00000006c1800000,0x00000006c7913198,0x00000006d0d80000)
 Metaspace       used 67215K, capacity 68886K, committed 69080K, reserved 1110016K
  class space    used 8939K, capacity 9367K, committed 9472K, reserved 1048576K
}
Event: 355.909 GC heap before
{Heap before GC invocations=29 (full 7):
 PSYoungGen      total 935936K, used 918528K [0x000000076b300000, 0x00000007aa500000, 0x00000007c0000000)
  eden space 918528K, 100% used [0x000000076b300000,0x00000007a3400000,0x00000007a3400000)
  from space 17408K, 0% used [0x00000007a7d00000,0x00000007a7d00000,0x00000007a8e00000)
  to   space 23552K, 0% used [0x00000007a8e00000,0x00000007a8e00000,0x00000007aa500000)
 ParOldGen       total 251392K, used 99404K [0x00000006c1800000, 0x00000006d0d80000, 0x000000076b300000)
  object space 251392K, 39% used [0x00000006c1800000,0x00000006c7913198,0x00000006d0d80000)
 Metaspace       used 67451K, capacity 69146K, committed 69336K, reserved 1110016K
  class space    used 8965K, capacity 9409K, committed 9472K, reserved 1048576K
Event: 355.929 GC heap after
Heap after GC invocations=29 (full 7):
 PSYoungGen      total 1006592K, used 19602K [0x000000076b300000, 0x00000007ae780000, 0x00000007c0000000)
  eden space 983040K, 0% used [0x000000076b300000,0x000000076b300000,0x00000007a7300000)
  from space 23552K, 83% used [0x00000007a8e00000,0x00000007aa124a08,0x00000007aa500000)
  to   space 27648K, 0% used [0x00000007a7300000,0x00000007a7300000,0x00000007a8e00000)
 ParOldGen       total 251392K, used 99412K [0x00000006c1800000, 0x00000006d0d80000, 0x000000076b300000)
  object space 251392K, 39% used [0x00000006c1800000,0x00000006c7915198,0x00000006d0d80000)
 Metaspace       used 67451K, capacity 69146K, committed 69336K, reserved 1110016K
  class space    used 8965K, capacity 9409K, committed 9472K, reserved 1048576K
}

